#

[error occurred during error reporting (printing fatal error message), id 0x7]

#
#  SIGBUS (0x7) at pc=0x00007f61c8b99890, pid=64, tid=78
#

[error occurred during error reporting (printing Java version string), id 0x7]

# Problematic frame:
# V  [libjvm.so+0x87b890]
#
# No core dump will be written. Core dumps have been disabled. To enable core dumping, try "ulimit -c unlimited" before starting Java again
#

[error occurred during error reporting (printing bug submit message), id 0x7]



[error occurred during error reporting (printing summary), id 0x7]

Command Line: -XX:+HeapDumpOnOutOfMemoryError -XX:HeapDumpPath=/home/uas/.cache/bazel/_bazel_uas/026c6d0e196be0263a9983c669aa514b -XX:+UseParallelOldGC --add-opens=java.base/java.nio=ALL-UNNAMED -Xverify:none -Djava.util.logging.config.file=/home/uas/.cache/bazel/_bazel_uas/026c6d0e196be0263a9983c669aa514b/javalog.properties -Dcom.google.devtools.build.lib.util.LogHandlerQuerier.class=com.google.devtools.build.lib.util.FileHandlerQuerier -Djava.library.path=/home/uas/.cache/bazel/_bazel_uas/install/f1e11885a5cc7ba9947679cffb18bf94/_embedded_binaries/embedded_tools/jdk/lib/jli:/home/uas/.cache/bazel/_bazel_uas/install/f1e11885a5cc7ba9947679cffb18bf94/_embedded_binaries/embedded_tools/jdk/lib:/home/uas/.cache/bazel/_bazel_uas/install/f1e11885a5cc7ba9947679cffb18bf94/_embedded_binaries/embedded_tools/jdk/lib/server:/home/uas/.cache/bazel/_bazel_uas/install/f1e11885a5cc7ba9947679cffb18bf94/_embedded_binaries/ -Dfile.encoding=ISO-8859-1 /home/uas/.cache/bazel/_bazel_uas/install/f1e11885a5cc7ba9947679cffb18bf94/_embedded_binaries/A-server.jar --max_idle_secs=10800 --connect_timeout_secs=30 --output_user_root=/home/uas/.cache/bazel/_bazel_uas --install_base=/home/uas/.cache/bazel/_bazel_uas/install/f1e11885a5cc7ba9947679cffb18bf94 --install_md5=f1e11885a5cc7ba9947679cffb18bf94 --output_base=/home/uas/.cache/bazel/_bazel_uas/026c6d0e196be0263a9983c669aa514b --workspace_directory=/home/uas/code_env --default_system_javabase=/usr/lib/jvm/java-10-openjdk-amd64 --deep_execroot --expand_configs_in_place --idle_server_tasks --noexperimental_oom_more_eagerly --experimental_oom_more_eagerly_threshold=100 --write_command_log --nowatchfs --nofatal_event_bus_exceptions --client_debug=false --product_name=Bazel --option_sources=

Host: Intel(R) Core(TM) i5-7267U CPU @ 3.10GHz, 2 cores, 2G, Debian GNU/Linux buster/sid
Time: Tue Oct 23 02:27:15 2018 UTC elapsed time: 996 seconds (0d 0h 16m 36s)

---------------  T H R E A D  ---------------

Current thread (0x00007f61c022f800):  JavaThread "pid-file-watcher" daemon [_thread_in_vm, id=78, stack(0x00007f617bcff000,0x00007f617be00000)]

Stack: [0x00007f617bcff000,0x00007f617be00000],  sp=0x00007f617bdfe5e8,  free space=1021k
Native frames: (J=compiled Java code, A=aot compiled Java code, j=interpreted, Vv=VM code, C=native code)
V  [libjvm.so+0x87b890]
V  [libjvm.so+0x82f577]  JVM_Halt+0xb7
j  java.lang.Shutdown.halt0(I)V+0 java.base@9.0.7.1
j  java.lang.Shutdown.halt(I)V+7 java.base@9.0.7.1
j  java.lang.Runtime.halt(I)V+14 java.base@9.0.7.1
j  com.google.devtools.build.lib.server.GrpcServerImpl$PidFileWatcherThread.run()V+123
v  ~StubRoutines::call_stub
V  [libjvm.so+0x7cc614]
V  [libjvm.so+0x7cbf6b]
V  [libjvm.so+0x7cc0cf]
V  [libjvm.so+0x822281]
V  [libjvm.so+0xc27a11]
V  [libjvm.so+0xabae42]
C  [libpthread.so.0+0x7f2a]  start_thread+0xda


[error occurred during error reporting (printing Java stack), id 0x7]


siginfo: si_signo: 7 (SIGBUS), si_code: 2 (BUS_ADRERR), si_addr: 0x00007f61c8b99890

Register to memory mapping:

RAX=0x0000000000000000 is an unknown value
RBX=0x00007f61c9546448: <offset 0x0000000001228448> in /home/uas/.cache/bazel/_bazel_uas/install/f1e11885a5cc7ba9947679cffb18bf94/_embedded_binaries/embedded_tools/jdk/lib/server/libjvm.so at 0x00007f61c831e000
RCX=0x0000000000000000 is an unknown value
RDX=0x00007f61c9546c40: <offset 0x0000000001228c40> in /home/uas/.cache/bazel/_bazel_uas/install/f1e11885a5cc7ba9947679cffb18bf94/_embedded_binaries/embedded_tools/jdk/lib/server/libjvm.so at 0x00007f61c831e000
RSP=0x00007f617bdfe5e8 is pointing into the stack for thread: 0x00007f61c022f800
RBP=0x00007f617bdfe660 is pointing into the stack for thread: 0x00007f61c022f800
RSI=0x0000000000000000 is an unknown value
RDI=0x00007f61c022f800 is a thread
R8 ={method} {0x00007f61c542ce60} 'halt0' '(I)V' in 'java/lang/Shutdown'
R9 =0x0000000000000003 is an unknown value
R10=0x000000000000019a is an unknown value
R11=0x00007f61c8b4d4c0: JVM_Halt+0x0000000000000000 in /home/uas/.cache/bazel/_bazel_uas/install/f1e11885a5cc7ba9947679cffb18bf94/_embedded_binaries/embedded_tools/jdk/lib/server/libjvm.so at 0x00007f61c831e000
R12=0x00007f61c000e830 is an unknown value
R13=0x00007f61c022f800 is a thread
R14=0x00007f61c9546c40: <offset 0x0000000001228c40> in /home/uas/.cache/bazel/_bazel_uas/install/f1e11885a5cc7ba9947679cffb18bf94/_embedded_binaries/embedded_tools/jdk/lib/server/libjvm.so at 0x00007f61c831e000
R15=0x00007f61c022f800 is a thread


Registers:
RAX=0x0000000000000000, RBX=0x00007f61c9546448, RCX=0x0000000000000000, RDX=0x00007f61c9546c40
RSP=0x00007f617bdfe5e8, RBP=0x00007f617bdfe660, RSI=0x0000000000000000, RDI=0x00007f61c022f800
R8 =0x00007f61c542ce60, R9 =0x0000000000000003, R10=0x000000000000019a, R11=0x00007f61c8b4d4c0
R12=0x00007f61c000e830, R13=0x00007f61c022f800, R14=0x00007f61c9546c40, R15=0x00007f61c022f800
RIP=0x00007f61c8b99890, EFLAGS=0x0000000000010246, CSGSFS=0x002b000000000033, ERR=0x0000000000000014
  TRAPNO=0x000000000000000e

Top of Stack: (sp=0x00007f617bdfe5e8)
0x00007f617bdfe5e8:   00007f61c8ae7d2c 0000000000000000
0x00007f617bdfe5f8:   0000000000000000 0000000000000000
0x00007f617bdfe608:   0000000000000000 0000000000000000
0x00007f617bdfe618:   0000000000000000 0000000000000000 

Instructions: (pc=0x00007f61c8b99890)
0x00007f61c8b99870:   
[error occurred during error reporting (printing registers, top of stack, instructions near pc), id 0x7]



[error occurred during error reporting (printing process), id 0x7]

Java Threads: ( => current thread )
  0x00007f61882b8000 JavaThread "pool-38-thread-1" [_thread_blocked, id=4035, stack(0x00007f61671f2000,0x00007f61672f3000)]
  0x00000000020a5000 JavaThread "grpc-default-worker-ELG-3-4" daemon [_thread_in_native, id=3472, stack(0x00007f615b437000,0x00007f615b538000)]
  0x0000000002092800 JavaThread "grpc-default-worker-ELG-3-3" daemon [_thread_in_native, id=2591, stack(0x00007f6158f12000,0x00007f6159013000)]
  0x00007f618400f000 JavaThread "JGit-WorkQueue" daemon [_thread_blocked, id=135, stack(0x00007f616c7c1000,0x00007f616c8c2000)]
  0x000000000208a800 JavaThread "grpc-default-worker-ELG-3-2" daemon [_thread_in_native, id=92, stack(0x00007f6178abf000,0x00007f6178bc0000)]
  0x00007f617025e800 JavaThread "grpc-command-0" daemon [_thread_blocked, id=88, stack(0x00007f617a1f7000,0x00007f617a2f8000)]
  0x00007f617023b000 JavaThread "grpc-stream-0" daemon [_thread_blocked, id=87, stack(0x00007f617a2f8000,0x00007f617a3f9000)]
  0x00007f617005c000 JavaThread "threadDeathWatcher-4-1" daemon [_thread_blocked, id=84, stack(0x00007f617b3fa000,0x00007f617b4fb000)]
  0x0000000002084800 JavaThread "grpc-default-worker-ELG-3-1" daemon [_thread_in_native, id=83, stack(0x00007f617b6fb000,0x00007f617b7fc000)]
  0x00007f61c09bd800 JavaThread "grpc-timeout" daemon [_thread_blocked, id=81, stack(0x00007f617b7fc000,0x00007f617b8fd000)]
  0x00007f61c09b7800 JavaThread "grpc-default-boss-ELG-1-1" daemon [_thread_in_native, id=80, stack(0x00007f617b8fd000,0x00007f617b9fe000)]
=>0x00007f61c022f800 JavaThread "pid-file-watcher" daemon [_thread_in_vm, id=78, stack(0x00007f617bcff000,0x00007f617be00000)]
  0x00007f61c0217000 JavaThread "Service Thread" daemon [_thread_blocked, id=76, stack(0x00007f61a8f48000,0x00007f61a9049000)]
  0x00007f61c0147800 JavaThread "Common-Cleaner" daemon [_thread_blocked, id=75, stack(0x00007f61a9049000,0x00007f61a914a000)]
  0x00007f61c0134800 JavaThread "Sweeper thread" daemon [_thread_blocked, id=74, stack(0x00007f61a9572000,0x00007f61a9673000)]
  0x00007f61c0132800 JavaThread "C1 CompilerThread1" daemon [_thread_blocked, id=73, stack(0x00007f61a9673000,0x00007f61a9774000)]
  0x00007f61c012e800 JavaThread "C2 CompilerThread0" daemon [_thread_blocked, id=72, stack(0x00007f61c403e000,0x00007f61c413f000)]
  0x00007f61c0131800 JavaThread "Signal Dispatcher" daemon [_thread_blocked, id=71, stack(0x00007f61c413f000,0x00007f61c4240000)]
  0x00007f61c0116800 JavaThread "Finalizer" daemon [_thread_blocked, id=70, stack(0x00007f61c4240000,0x00007f61c4341000)]
  0x00007f61c0112800 JavaThread "Reference Handler" daemon [_thread_blocked, id=69, stack(0x00007f61c4341000,0x00007f61c4442000)]
  0x00007f61c0011800 JavaThread "main" [_thread_blocked, id=65, stack(0x00007f61c7eee000,0x00007f61c7fed000)]

Other Threads:
  0x00007f61c0108800 VMThread "VM Thread" [stack: 0x00007f61c4444000,0x00007f61c4544000] [id=68]
  0x00007f61c0219800 WatcherThread [stack: 0x00007f61a8e48000,0x00007f61a8f48000] [id=77]
  0x00007f61c0027800 GCTaskThread "ParGC Thread#0" [stack: 0x00007f61c7129000,0x00007f61c7229000] [id=66]
  0x00007f61c0028800 GCTaskThread "ParGC Thread#1" [stack: 0x00007f61c7027000,0x00007f61c7127000] [id=67]

Threads with active compile tasks:

VM state:not at safepoint (normal execution)

VM Mutex/Monitor currently owned by a thread: None

Heap address: 0x00000000d1000000, size: 752 MB, Compressed Oops mode: 32-bit
Narrow klass base: 0x0000000000000000, Narrow klass shift: 3
Compressed class space size: 1073741824 Address: 0x0000000100000000

Heap:
 PSYoungGen      total 188928K, used 189K [0x00000000f0580000, 0x00000000ff580000, 0x0000000100000000)
  eden space 167936K, 0% used [0x00000000f0580000,0x00000000f05af6c8,0x00000000fa980000)
  from space 20992K, 0% used [0x00000000fa980000,0x00000000fa980000,0x00000000fbe00000)
  to   space 38912K, 0% used [0x00000000fcf80000,0x00000000fcf80000,0x00000000ff580000)
 ParOldGen       total 95232K, used 61495K [0x00000000d1000000, 0x00000000d6d00000, 0x00000000f0580000)
  object space 95232K, 64% used [0x00000000d1000000,0x00000000d4c0dc70,0x00000000d6d00000)
 Metaspace       used 54648K, capacity 56776K, committed 57600K, reserved 1101824K
  class space    used 5627K, capacity 5954K, committed 6144K, reserved 1048576K

Card table byte_map: [0x00007f61c7324000,0x00007f61c749d000] byte_map_base: 0x00007f61c6c9c000

Marking Bits: (ParMarkBitMap*) 0x00007f61c954c4a0
 Begin Bits: [0x00007f61c58a5000, 0x00007f61c6465000)
 End Bits:   [0x00007f61c6465000, 0x00007f61c7025000)

Polling page: 0x00007f61c9b8c000

CodeHeap 'non-profiled nmethods': size=120036Kb used=9287Kb max_used=9342Kb free=110748Kb
 bounds [0x00007f61b123b000, 0x00007f61b1b6b000, 0x00007f61b8774000]
CodeHeap 'profiled nmethods': size=120032Kb used=27796Kb max_used=28651Kb free=92235Kb
 bounds [0x00007f61a9d03000, 0x00007f61ab923000, 0x00007f61b123b000]
CodeHeap 'non-nmethods': size=5692Kb used=1409Kb max_used=1462Kb free=4282Kb
 bounds [0x00007f61a9774000, 0x00007f61a99e4000, 0x00007f61a9d03000]
 total_blobs=18297 nmethods=12166 adapters=576
 compilation: enabled

Compilation events (10 events):
Event: 996.861 Thread 0x00007f61c0132800 13682       3       java.util.logging.Handler::isLoggable (47 bytes)
Event: 996.862 Thread 0x00007f61c0132800 nmethod 13682 0x00007f61a9ec9090 code [0x00007f61a9ec9260, 0x00007f61a9ec9728]
Event: 996.862 Thread 0x00007f61c0132800 13683       3       java.time.chrono.ChronoZonedDateTime::getChronology (12 bytes)
Event: 996.862 Thread 0x00007f61c0132800 nmethod 13683 0x00007f61a9ec8a90 code [0x00007f61a9ec8c60, 0x00007f61a9ec8f38]
Event: 996.862 Thread 0x00007f61c0132800 13684       3       java.time.ZonedDateTime::toLocalDate (5 bytes)
Event: 996.862 Thread 0x00007f61c0132800 nmethod 13684 0x00007f61a9ed7310 code [0x00007f61a9ed74c0, 0x00007f61a9ed7790]
Event: 996.862 Thread 0x00007f61c0132800 13685       3       java.time.LocalDate::getChronology (5 bytes)
Event: 996.863 Thread 0x00007f61c0132800 nmethod 13685 0x00007f61a9ebf390 code [0x00007f61a9ebf540, 0x00007f61a9ebf770]
Event: 996.863 Thread 0x00007f61c0132800 13686       3       java.time.LocalDate::getChronology (4 bytes)
Event: 996.863 Thread 0x00007f61c0132800 nmethod 13686 0x00007f61a9e24090 code [0x00007f61a9e24240, 0x00007f61a9e24390]

GC Heap History (10 events):
Event: 924.984 GC heap before

[error occurred during error reporting (printing ring buffers), id 0x7]

Dynamic libraries:
00400000-00401000 r-xp 00000000 00:21 4329537361                         /home/uas/.cache/bazel/_bazel_uas/install/f1e11885a5cc7ba9947679cffb18bf94/_embedded_binaries/embedded_tools/jdk/bin/java
00601000-00602000 rw-p 00001000 00:21 4329537361                         /home/uas/.cache/bazel/_bazel_uas/install/f1e11885a5cc7ba9947679cffb18bf94/_embedded_binaries/embedded_tools/jdk/bin/java
02067000-02158000 rw-p 00000000 00:00 0                                  [heap]
d1000000-d6d00000 rw-p 00000000 00:00 0 
d6d00000-f0580000 ---p 00000000 00:00 0 
f0580000-ff580000 rw-p 00000000 00:00 0 
ff580000-100000000 ---p 00000000 00:00 0 
100000000-100600000 rw-p 00000000 00:00 0 
100600000-140000000 ---p 00000000 00:00 0 
7f61563e7000-7f61563eb000 ---p 00000000 00:00 0 
7f61563eb000-7f61564e8000 rw-p 00000000 00:00 0 
7f61564e8000-7f61564ec000 ---p 00000000 00:00 0 
7f61564ec000-7f61565e9000 rw-p 00000000 00:00 0 
7f61565e9000-7f61565ed000 ---p 00000000 00:00 0 
7f61565ed000-7f61566ea000 rw-p 00000000 00:00 0 
7f61566ea000-7f61566ee000 ---p 00000000 00:00 0 
7f61566ee000-7f61567eb000 rw-p 00000000 00:00 0 
7f6156cf0000-7f6156cf4000 ---p 00000000 00:00 0 
7f6156cf4000-7f6156df1000 rw-p 00000000 00:00 0 
7f61575f9000-7f61575fd000 ---p 00000000 00:00 0 
7f61575fd000-7f61576fa000 rw-p 00000000 00:00 0 
7f61576fa000-7f61576fe000 ---p 00000000 00:00 0 
7f61576fe000-7f61577fb000 rw-p 00000000 00:00 0 
7f61578fc000-7f6157900000 ---p 00000000 00:00 0 
7f6157900000-7f61579fd000 rw-p 00000000 00:00 0 
7f61579fd000-7f6157a01000 ---p 00000000 00:00 0 
7f6157a01000-7f6157afe000 rw-p 00000000 00:00 0 
7f6157afe000-7f6157b02000 ---p 00000000 00:00 0 
7f6157b02000-7f6157bff000 rw-p 00000000 00:00 0 
7f6157bff000-7f6157c03000 ---p 00000000 00:00 0 
7f6157c03000-7f6157d00000 rw-p 00000000 00:00 0 
7f6157e01000-7f6157e05000 ---p 00000000 00:00 0 
7f6157e05000-7f6157f02000 rw-p 00000000 00:00 0 
7f6158205000-7f6158209000 ---p 00000000 00:00 0 
7f6158209000-7f6158306000 rw-p 00000000 00:00 0 
7f6158508000-7f615850c000 ---p 00000000 00:00 0 
7f615850c000-7f6158609000 rw-p 00000000 00:00 0 
7f615870a000-7f615870e000 ---p 00000000 00:00 0 
7f615870e000-7f615880b000 rw-p 00000000 00:00 0 
7f615880b000-7f615880f000 ---p 00000000 00:00 0 
7f615880f000-7f615890c000 rw-p 00000000 00:00 0 
7f615890c000-7f6158910000 ---p 00000000 00:00 0 
7f6158910000-7f6158a0d000 rw-p 00000000 00:00 0 
7f6158b0e000-7f6158b12000 ---p 00000000 00:00 0 
7f6158b12000-7f6158c0f000 rw-p 00000000 00:00 0 
7f6158c0f000-7f6158c13000 ---p 00000000 00:00 0 
7f6158c13000-7f6158d10000 rw-p 00000000 00:00 0 
7f6158e11000-7f6158e15000 ---p 00000000 00:00 0 
7f6158e15000-7f6158f12000 rw-p 00000000 00:00 0 
7f6158f12000-7f6158f16000 ---p 00000000 00:00 0 
7f6158f16000-7f6159013000 rw-p 00000000 00:00 0 
7f6159215000-7f6159219000 ---p 00000000 00:00 0 
7f6159219000-7f6159316000 rw-p 00000000 00:00 0 
7f6159417000-7f615941b000 ---p 00000000 00:00 0 
7f615941b000-7f6159518000 rw-p 00000000 00:00 0 
7f6159619000-7f615961d000 ---p 00000000 00:00 0 
7f615961d000-7f615971a000 rw-p 00000000 00:00 0 
7f615971a000-7f615971e000 ---p 00000000 00:00 0 
7f615971e000-7f615981b000 rw-p 00000000 00:00 0 
7f615991c000-7f6159920000 ---p 00000000 00:00 0 
7f6159920000-7f6159a1d000 rw-p 00000000 00:00 0 
7f6159c1f000-7f6159c23000 ---p 00000000 00:00 0 
7f6159c23000-7f6159d20000 rw-p 00000000 00:00 0 
7f6159d20000-7f6159d24000 ---p 00000000 00:00 0 
7f6159d24000-7f6159e21000 rw-p 00000000 00:00 0 
7f6159e21000-7f6159e25000 ---p 00000000 00:00 0 
7f6159e25000-7f6159f22000 rw-p 00000000 00:00 0 
7f615a023000-7f615a027000 ---p 00000000 00:00 0 
7f615a027000-7f615a124000 rw-p 00000000 00:00 0 
7f615aa2d000-7f615aa31000 ---p 00000000 00:00 0 
7f615aa31000-7f615ab2e000 rw-p 00000000 00:00 0 
7f615ae31000-7f615ae35000 ---p 00000000 00:00 0 
7f615ae35000-7f615af32000 rw-p 00000000 00:00 0 
7f615af32000-7f615af36000 ---p 00000000 00:00 0 
7f615af36000-7f615b033000 rw-p 00000000 00:00 0 
7f615b336000-7f615b33a000 ---p 00000000 00:00 0 
7f615b33a000-7f615b437000 rw-p 00000000 00:00 0 
7f615b437000-7f615b43b000 ---p 00000000 00:00 0 
7f615b43b000-7f615b538000 rw-p 00000000 00:00 0 
7f615b639000-7f615b63d000 ---p 00000000 00:00 0 
7f615b63d000-7f615b73a000 rw-p 00000000 00:00 0 
7f615ba3d000-7f615ba41000 ---p 00000000 00:00 0 
7f615ba41000-7f615bb3e000 rw-p 00000000 00:00 0 
7f615c346000-7f615c34a000 ---p 00000000 00:00 0 
7f615c34a000-7f615c447000 rw-p 00000000 00:00 0 
7f615cb4e000-7f615cd4e000 rw-p 00000000 00:00 0 
7f61627a8000-7f61627ac000 ---p 00000000 00:00 0 
7f61627ac000-7f61628a9000 rw-p 00000000 00:00 0 
7f6164fd2000-7f61651d2000 rw-p 00000000 00:00 0 
7f6165add000-7f6165cdd000 rw-p 00000000 00:00 0 
7f61671f2000-7f61671f6000 ---p 00000000 00:00 0 
7f61671f6000-7f61672f3000 rw-p 00000000 00:00 0 
7f61674f5000-7f61674f9000 ---p 00000000 00:00 0 
7f61674f9000-7f61675f6000 rw-p 00000000 00:00 0 
7f6168000000-7f6168311000 rw-p 00000000 00:00 0 
7f6168311000-7f616c000000 ---p 00000000 00:00 0 
7f616c2be000-7f616c2c2000 ---p 00000000 00:00 0 
7f616c2c2000-7f616c3bf000 rw-p 00000000 00:00 0 
7f616c5c1000-7f616c7c1000 rw-p 00000000 00:00 0 
7f616c7c1000-7f616c7c5000 ---p 00000000 00:00 0 
7f616c7c5000-7f616cac2000 rw-p 00000000 00:00 0 
7f616cac2000-7f616ccc2000 rw-p 00000000 00:00 0 
7f616ccc2000-7f616ccea000 r-xp 00000000 00:21 4329537529                 /home/uas/.cache/bazel/_bazel_uas/install/f1e11885a5cc7ba9947679cffb18bf94/_embedded_binaries/embedded_tools/jdk/lib/libsunec.so
7f616ccea000-7f616ceea000 ---p 00028000 00:21 4329537529                 /home/uas/.cache/bazel/_bazel_uas/install/f1e11885a5cc7ba9947679cffb18bf94/_embedded_binaries/embedded_tools/jdk/lib/libsunec.so
7f616ceea000-7f616ceef000 rw-p 00028000 00:21 4329537529                 /home/uas/.cache/bazel/_bazel_uas/install/f1e11885a5cc7ba9947679cffb18bf94/_embedded_binaries/embedded_tools/jdk/lib/libsunec.so
7f616cff0000-7f616d1f0000 rw-p 00000000 00:00 0 
7f616dafb000-7f616dcfb000 rw-p 00000000 00:00 0 
7f616dffe000-7f6170000000 rw-p 00000000 00:00 0 
7f6170000000-7f6172a9e000 rw-p 00000000 00:00 0 
7f6172a9e000-7f6174000000 ---p 00000000 00:00 0 
7f6174000000-7f617410f000 rw-p 00000000 00:00 0 
7f617410f000-7f6178000000 ---p 00000000 00:00 0 
7f617823a000-7f617843a000 rw-p 00000000 00:00 0 
7f617863c000-7f617883c000 rw-p 00000000 00:00 0 
7f61788bf000-7f6178abf000 rw-p 00000000 00:00 0 
7f6178abf000-7f6178ac3000 ---p 00000000 00:00 0 
7f6178ac3000-7f6178bc0000 rw-p 00000000 00:00 0 
7f6178bf6000-7f6178c36000 rw-p 00000000 00:00 0 
7f6178c36000-7f6178df6000 ---p 00000000 00:00 0 
7f6178df6000-7f6178ff6000 rw-p 00000000 00:00 0 
7f6178ff6000-7f61791f6000 rw-p 00000000 00:00 0 
7f61791f6000-7f617a1f7000 rw-p 00000000 00:00 0 
7f617a1f7000-7f617a1fb000 ---p 00000000 00:00 0 
7f617a1fb000-7f617a2f8000 rw-p 00000000 00:00 0 
7f617a2f8000-7f617a2fc000 ---p 00000000 00:00 0 
7f617a2fc000-7f617b3fa000 rw-p 00000000 00:00 0 
7f617b3fa000-7f617b3fe000 ---p 00000000 00:00 0 
7f617b3fe000-7f617b6fb000 rw-p 00000000 00:00 0 
7f617b6fb000-7f617b6ff000 ---p 00000000 00:00 0 
7f617b6ff000-7f617b7fc000 rw-p 00000000 00:00 0 
7f617b7fc000-7f617b800000 ---p 00000000 00:00 0 
7f617b800000-7f617b8fd000 rw-p 00000000 00:00 0 
7f617b8fd000-7f617b901000 ---p 00000000 00:00 0 
7f617b901000-7f617bbfe000 rw-p 00000000 00:00 0 
7f617bcff000-7f617bd03000 ---p 00000000 00:00 0 
7f617bd03000-7f617c000000 rw-p 00000000 00:00 0 
7f617c000000-7f617c0b9000 rw-p 00000000 00:00 0 
7f617c0b9000-7f6180000000 ---p 00000000 00:00 0 
7f6180000000-7f6180171000 rw-p 00000000 00:00 0 
7f6180171000-7f6184000000 ---p 00000000 00:00 0 
7f6184000000-7f6185110000 rw-p 00000000 00:00 0 
7f6185110000-7f6188000000 ---p 00000000 00:00 0 
7f6188000000-7f61883a2000 rw-p 00000000 00:00 0 
7f61883a2000-7f618c000000 ---p 00000000 00:00 0 
7f618c000000-7f618c076000 rw-p 00000000 00:00 0 
7f618c076000-7f6190000000 ---p 00000000 00:00 0 
7f6190000000-7f61922a0000 rw-p 00000000 00:00 0 
7f61922a0000-7f6194000000 ---p 00000000 00:00 0 
7f6194000000-7f619409a000 rw-p 00000000 00:00 0 
7f619409a000-7f6198000000 ---p 00000000 00:00 0 
7f6198000000-7f61980bd000 rw-p 00000000 00:00 0 
7f61980bd000-7f619c000000 ---p 00000000 00:00 0 
7f619c000000-7f619c0bd000 rw-p 00000000 00:00 0 
7f619c0bd000-7f61a0000000 ---p 00000000 00:00 0 
7f61a0000000-7f61a18d3000 rw-p 00000000 00:00 0 
7f61a18d3000-7f61a4000000 ---p 00000000 00:00 0 
7f61a4000000-7f61a40c4000 rw-p 00000000 00:00 0 
7f61a40c4000-7f61a8000000 ---p 00000000 00:00 0 
7f61a800e000-7f61a8012000 r--p 00000000 00:22 172                        /lib/x86_64-linux-gnu/libresolv-2.27.so
7f61a8012000-7f61a801e000 r-xp 00004000 00:22 172                        /lib/x86_64-linux-gnu/libresolv-2.27.so
7f61a801e000-7f61a8022000 r--p 00010000 00:22 172                        /lib/x86_64-linux-gnu/libresolv-2.27.so
7f61a8022000-7f61a8023000 ---p 00014000 00:22 172                        /lib/x86_64-linux-gnu/libresolv-2.27.so
7f61a8023000-7f61a8024000 r--p 00014000 00:22 172                        /lib/x86_64-linux-gnu/libresolv-2.27.so
7f61a8024000-7f61a8025000 rw-p 00015000 00:22 172                        /lib/x86_64-linux-gnu/libresolv-2.27.so
7f61a8025000-7f61a8027000 rw-p 00000000 00:00 0 
7f61a8027000-7f61a8028000 r--p 00000000 00:22 170                        /lib/x86_64-linux-gnu/libnss_dns-2.27.so
7f61a8028000-7f61a802c000 r-xp 00001000 00:22 170                        /lib/x86_64-linux-gnu/libnss_dns-2.27.so
7f61a802c000-7f61a802d000 r--p 00005000 00:22 170                        /lib/x86_64-linux-gnu/libnss_dns-2.27.so
7f61a802d000-7f61a802e000 r--p 00005000 00:22 170                        /lib/x86_64-linux-gnu/libnss_dns-2.27.so
7f61a802e000-7f61a802f000 rw-p 00006000 00:22 170                        /lib/x86_64-linux-gnu/libnss_dns-2.27.so
7f61a803c000-7f61a8041000 r-xp 00000000 00:21 4329537520                 /home/uas/.cache/bazel/_bazel_uas/install/f1e11885a5cc7ba9947679cffb18bf94/_embedded_binaries/embedded_tools/jdk/lib/libmanagement_ext.so
7f61a8041000-7f61a8241000 ---p 00005000 00:21 4329537520                 /home/uas/.cache/bazel/_bazel_uas/install/f1e11885a5cc7ba9947679cffb18bf94/_embedded_binaries/embedded_tools/jdk/lib/libmanagement_ext.so
7f61a8241000-7f61a8242000 rw-p 00005000 00:21 4329537520                 /home/uas/.cache/bazel/_bazel_uas/install/f1e11885a5cc7ba9947679cffb18bf94/_embedded_binaries/embedded_tools/jdk/lib/libmanagement_ext.so
7f61a8242000-7f61a8246000 r-xp 00000000 00:21 4329537518                 /home/uas/.cache/bazel/_bazel_uas/install/f1e11885a5cc7ba9947679cffb18bf94/_embedded_binaries/embedded_tools/jdk/lib/libmanagement.so
7f61a8246000-7f61a8445000 ---p 00004000 00:21 4329537518                 /home/uas/.cache/bazel/_bazel_uas/install/f1e11885a5cc7ba9947679cffb18bf94/_embedded_binaries/embedded_tools/jdk/lib/libmanagement.so
7f61a8445000-7f61a8446000 rw-p 00003000 00:21 4329537518                 /home/uas/.cache/bazel/_bazel_uas/install/f1e11885a5cc7ba9947679cffb18bf94/_embedded_binaries/embedded_tools/jdk/lib/libmanagement.so
7f61a8446000-7f61a8646000 rw-p 00000000 00:00 0 
7f61a8646000-7f61a8846000 rw-p 00000000 00:00 0 
7f61a8846000-7f61a8a46000 rw-p 00000000 00:00 0 
7f61a8a46000-7f61a8c46000 rw-p 00000000 00:00 0 
7f61a8c46000-7f61a8e46000 rw-p 00000000 00:00 0 
7f61a8e46000-7f61a8e47000 ---p 00000000 00:00 0 
7f61a8e47000-7f61a8f48000 rw-p 00000000 00:00 0 
7f61a8f48000-7f61a8f4c000 ---p 00000000 00:00 0 
7f61a8f4c000-7f61a9049000 rw-p 00000000 00:00 0 
7f61a9049000-7f61a904d000 ---p 00000000 00:00 0 
7f61a904d000-7f61a914a000 rw-p 00000000 00:00 0 
7f61a914a000-7f61a9161000 r-xp 00000000 00:21 4329537522                 /home/uas/.cache/bazel/_bazel_uas/install/f1e11885a5cc7ba9947679cffb18bf94/_embedded_binaries/embedded_tools/jdk/lib/libnet.so
7f61a9161000-7f61a9360000 ---p 00017000 00:21 4329537522                 /home/uas/.cache/bazel/_bazel_uas/install/f1e11885a5cc7ba9947679cffb18bf94/_embedded_binaries/embedded_tools/jdk/lib/libnet.so
7f61a9360000-7f61a9361000 rw-p 00016000 00:21 4329537522                 /home/uas/.cache/bazel/_bazel_uas/install/f1e11885a5cc7ba9947679cffb18bf94/_embedded_binaries/embedded_tools/jdk/lib/libnet.so
7f61a9361000-7f61a9372000 r-xp 00000000 00:21 4329537523                 /home/uas/.cache/bazel/_bazel_uas/install/f1e11885a5cc7ba9947679cffb18bf94/_embedded_binaries/embedded_tools/jdk/lib/libnio.so
7f61a9372000-7f61a9571000 ---p 00011000 00:21 4329537523                 /home/uas/.cache/bazel/_bazel_uas/install/f1e11885a5cc7ba9947679cffb18bf94/_embedded_binaries/embedded_tools/jdk/lib/libnio.so
7f61a9571000-7f61a9572000 rw-p 00010000 00:21 4329537523                 /home/uas/.cache/bazel/_bazel_uas/install/f1e11885a5cc7ba9947679cffb18bf94/_embedded_binaries/embedded_tools/jdk/lib/libnio.so
7f61a9572000-7f61a9576000 ---p 00000000 00:00 0 
7f61a9576000-7f61a9673000 rw-p 00000000 00:00 0 
7f61a9673000-7f61a9677000 ---p 00000000 00:00 0 
7f61a9677000-7f61a9774000 rw-p 00000000 00:00 0 
7f61a9774000-7f61a99e4000 rwxp 00000000 00:00 0 
7f61a99e4000-7f61a9d03000 ---p 00000000 00:00 0 
7f61a9d03000-7f61ab923000 rwxp 00000000 00:00 0 
7f61ab923000-7f61b123b000 ---p 00000000 00:00 0 
7f61b123b000-7f61b1b6b000 rwxp 00000000 00:00 0 
7f61b1b6b000-7f61b8774000 ---p 00000000 00:00 0 
7f61b8774000-7f61c0000000 r--s 00000000 00:21 4329537533                 /home/uas/.cache/bazel/_bazel_uas/install/f1e11885a5cc7ba9947679cffb18bf94/_embedded_binaries/embedded_tools/jdk/lib/modules
7f61c0000000-7f61c158e000 rw-p 00000000 00:00 0 
7f61c158e000-7f61c4000000 ---p 00000000 00:00 0 
7f61c4005000-7f61c4009000 ---p 00000000 00:00 0 
7f61c4009000-7f61c4027000 rw-p 00000000 00:00 0 
7f61c4027000-7f61c403c000 r-xp 00000000 00:21 4329538183                 /home/uas/.cache/bazel/_bazel_uas/install/f1e11885a5cc7ba9947679cffb18bf94/_embedded_binaries/libunix.so
7f61c403c000-7f61c403d000 r--p 00014000 00:21 4329538183                 /home/uas/.cache/bazel/_bazel_uas/install/f1e11885a5cc7ba9947679cffb18bf94/_embedded_binaries/libunix.so
7f61c403d000-7f61c403e000 rw-p 00015000 00:21 4329538183                 /home/uas/.cache/bazel/_bazel_uas/install/f1e11885a5cc7ba9947679cffb18bf94/_embedded_binaries/libunix.so
7f61c403e000-7f61c4042000 ---p 00000000 00:00 0 
7f61c4042000-7f61c413f000 rw-p 00000000 00:00 0 
7f61c413f000-7f61c4143000 ---p 00000000 00:00 0 
7f61c4143000-7f61c4240000 rw-p 00000000 00:00 0 
7f61c4240000-7f61c4244000 ---p 00000000 00:00 0 
7f61c4244000-7f61c4341000 rw-p 00000000 00:00 0 
7f61c4341000-7f61c4345000 ---p 00000000 00:00 0 
7f61c4345000-7f61c4442000 rw-p 00000000 00:00 0 
7f61c4442000-7f61c4443000 ---p 00000000 00:00 0 
7f61c4443000-7f61c7025000 rw-p 00000000 00:00 0 
7f61c7025000-7f61c7026000 ---p 00000000 00:00 0 
7f61c7026000-7f61c7127000 rw-p 00000000 00:00 0 
7f61c7127000-7f61c7128000 ---p 00000000 00:00 0 
7f61c7128000-7f61c7258000 rw-p 00000000 00:00 0 
7f61c7258000-7f61c7324000 ---p 00000000 00:00 0 
7f61c7324000-7f61c7353000 rw-p 00000000 00:00 0 
7f61c7353000-7f61c741e000 ---p 00000000 00:00 0 
7f61c741e000-7f61c7497000 rw-p 00000000 00:00 0 
7f61c7497000-7f61c749c000 ---p 00000000 00:00 0 
7f61c749c000-7f61c74b0000 rw-p 00000000 00:00 0 
7f61c74b0000-7f61c7588000 ---p 00000000 00:00 0 
7f61c7588000-7f61c75c1000 rw-p 00000000 00:00 0 
7f61c75c1000-7f61c7673000 ---p 00000000 00:00 0 
7f61c7673000-7f61c767e000 r-xp 00000000 00:21 4329537513                 /home/uas/.cache/bazel/_bazel_uas/install/f1e11885a5cc7ba9947679cffb18bf94/_embedded_binaries/embedded_tools/jdk/lib/libjimage.so
7f61c767e000-7f61c787e000 ---p 0000b000 00:21 4329537513                 /home/uas/.cache/bazel/_bazel_uas/install/f1e11885a5cc7ba9947679cffb18bf94/_embedded_binaries/embedded_tools/jdk/lib/libjimage.so
7f61c787e000-7f61c787f000 rw-p 0000b000 00:21 4329537513                 /home/uas/.cache/bazel/_bazel_uas/install/f1e11885a5cc7ba9947679cffb18bf94/_embedded_binaries/embedded_tools/jdk/lib/libjimage.so
7f61c787f000-7f61c7886000 r-xp 00000000 00:21 4329537532                 /home/uas/.cache/bazel/_bazel_uas/install/f1e11885a5cc7ba9947679cffb18bf94/_embedded_binaries/embedded_tools/jdk/lib/libzip.so
7f61c7886000-7f61c7a85000 ---p 00007000 00:21 4329537532                 /home/uas/.cache/bazel/_bazel_uas/install/f1e11885a5cc7ba9947679cffb18bf94/_embedded_binaries/embedded_tools/jdk/lib/libzip.so
7f61c7a85000-7f61c7a86000 rw-p 00006000 00:21 4329537532                 /home/uas/.cache/bazel/_bazel_uas/install/f1e11885a5cc7ba9947679cffb18bf94/_embedded_binaries/embedded_tools/jdk/lib/libzip.so
7f61c7a86000-7f61c7a89000 r--p 00000000 00:22 51                         /lib/x86_64-linux-gnu/libnss_files-2.27.so
7f61c7a89000-7f61c7a90000 r-xp 00003000 00:22 51                         /lib/x86_64-linux-gnu/libnss_files-2.27.so
7f61c7a90000-7f61c7a93000 r--p 0000a000 00:22 51                         /lib/x86_64-linux-gnu/libnss_files-2.27.so
7f61c7a93000-7f61c7a94000 r--p 0000c000 00:22 51                         /lib/x86_64-linux-gnu/libnss_files-2.27.so
7f61c7a94000-7f61c7a95000 rw-p 0000d000 00:22 51                         /lib/x86_64-linux-gnu/libnss_files-2.27.so
7f61c7a95000-7f61c7a9b000 rw-p 00000000 00:00 0 
7f61c7a9c000-7f61c7aa1000 rw-p 00000000 00:00 0 
7f61c7aa1000-7f61c7aa8000 ---p 00000000 00:00 0 
7f61c7aa8000-7f61c7ad1000 r-xp 00000000 00:21 4329537508                 /home/uas/.cache/bazel/_bazel_uas/install/f1e11885a5cc7ba9947679cffb18bf94/_embedded_binaries/embedded_tools/jdk/lib/libjava.so
7f61c7ad1000-7f61c7cd1000 ---p 00029000 00:21 4329537508                 /home/uas/.cache/bazel/_bazel_uas/install/f1e11885a5cc7ba9947679cffb18bf94/_embedded_binaries/embedded_tools/jdk/lib/libjava.so
7f61c7cd1000-7f61c7cd3000 rw-p 00029000 00:21 4329537508                 /home/uas/.cache/bazel/_bazel_uas/install/f1e11885a5cc7ba9947679cffb18bf94/_embedded_binaries/embedded_tools/jdk/lib/libjava.so
7f61c7cd3000-7f61c7ce0000 r-xp 00000000 00:21 4329537531                 /home/uas/.cache/bazel/_bazel_uas/install/f1e11885a5cc7ba9947679cffb18bf94/_embedded_binaries/embedded_tools/jdk/lib/libverify.so
7f61c7ce0000-7f61c7ee0000 ---p 0000d000 00:21 4329537531                 /home/uas/.cache/bazel/_bazel_uas/install/f1e11885a5cc7ba9947679cffb18bf94/_embedded_binaries/embedded_tools/jdk/lib/libverify.so
7f61c7ee0000-7f61c7ee2000 rw-p 0000d000 00:21 4329537531                 /home/uas/.cache/bazel/_bazel_uas/install/f1e11885a5cc7ba9947679cffb18bf94/_embedded_binaries/embedded_tools/jdk/lib/libverify.so
7f61c7ee2000-7f61c7ee4000 r--p 00000000 00:22 15                         /lib/x86_64-linux-gnu/librt-2.27.so
7f61c7ee4000-7f61c7ee8000 r-xp 00002000 00:22 15                         /lib/x86_64-linux-gnu/librt-2.27.so
7f61c7ee8000-7f61c7eea000 r--p 00006000 00:22 15                         /lib/x86_64-linux-gnu/librt-2.27.so
7f61c7eea000-7f61c7eeb000 r--p 00007000 00:22 15                         /lib/x86_64-linux-gnu/librt-2.27.so
7f61c7eeb000-7f61c7eec000 rw-p 00008000 00:22 15                         /lib/x86_64-linux-gnu/librt-2.27.so
7f61c7eec000-7f61c7eed000 ---p 00000000 00:00 0 
7f61c7eed000-7f61c7eee000 rw-p 00000000 00:00 0 
7f61c7eee000-7f61c7ef2000 ---p 00000000 00:00 0 
7f61c7ef2000-7f61c7fed000 rw-p 00000000 00:00 0 
7f61c7fed000-7f61c7ff0000 r--p 00000000 00:22 142                        /lib/x86_64-linux-gnu/libgcc_s.so.1
7f61c7ff0000-7f61c8001000 r-xp 00003000 00:22 142                        /lib/x86_64-linux-gnu/libgcc_s.so.1
7f61c8001000-7f61c8004000 r--p 00014000 00:22 142                        /lib/x86_64-linux-gnu/libgcc_s.so.1
7f61c8004000-7f61c8005000 ---p 00017000 00:22 142                        /lib/x86_64-linux-gnu/libgcc_s.so.1
7f61c8005000-7f61c8006000 r--p 00017000 00:22 142                        /lib/x86_64-linux-gnu/libgcc_s.so.1
7f61c8006000-7f61c8007000 rw-p 00018000 00:22 142                        /lib/x86_64-linux-gnu/libgcc_s.so.1
7f61c8007000-7f61c8013000 r--p 00000000 00:22 139                        /lib/x86_64-linux-gnu/libm-2.27.so
7f61c8013000-7f61c80c5000 r-xp 0000c000 00:22 139                        /lib/x86_64-linux-gnu/libm-2.27.so
7f61c80c5000-7f61c8199000 r--p 000be000 00:22 139                        /lib/x86_64-linux-gnu/libm-2.27.so
7f61c8199000-7f61c819a000 r--p 00191000 00:22 139                        /lib/x86_64-linux-gnu/libm-2.27.so
7f61c819a000-7f61c819b000 rw-p 00192000 00:22 139                        /lib/x86_64-linux-gnu/libm-2.27.so
7f61c819b000-7f61c8224000 r--p 00000000 00:22 141                        /usr/lib/x86_64-linux-gnu/libstdc++.so.6.0.25
7f61c8224000-7f61c82d0000 r-xp 00089000 00:22 141                        /usr/lib/x86_64-linux-gnu/libstdc++.so.6.0.25
7f61c82d0000-7f61c830e000 r--p 00135000 00:22 141                        /usr/lib/x86_64-linux-gnu/libstdc++.so.6.0.25
7f61c830e000-7f61c830f000 ---p 00173000 00:22 141                        /usr/lib/x86_64-linux-gnu/libstdc++.so.6.0.25
7f61c830f000-7f61c8319000 r--p 00173000 00:22 141                        /usr/lib/x86_64-linux-gnu/libstdc++.so.6.0.25
7f61c8319000-7f61c831b000 rw-p 0017d000 00:22 141                        /usr/lib/x86_64-linux-gnu/libstdc++.so.6.0.25
7f61c831b000-7f61c831e000 rw-p 00000000 00:00 0 
7f61c831e000-7f61c9221000 r-xp 00000000 00:21 4329537543                 /home/uas/.cache/bazel/_bazel_uas/install/f1e11885a5cc7ba9947679cffb18bf94/_embedded_binaries/embedded_tools/jdk/lib/server/libjvm.so
7f61c9221000-7f61c9421000 ---p 00f03000 00:21 4329537543                 /home/uas/.cache/bazel/_bazel_uas/install/f1e11885a5cc7ba9947679cffb18bf94/_embedded_binaries/embedded_tools/jdk/lib/server/libjvm.so
7f61c9421000-7f61c94f1000 r--p 00f03000 00:21 4329537543                 /home/uas/.cache/bazel/_bazel_uas/install/f1e11885a5cc7ba9947679cffb18bf94/_embedded_binaries/embedded_tools/jdk/lib/server/libjvm.so
7f61c94f1000-7f61c9526000 rw-p 00fd3000 00:21 4329537543                 /home/uas/.cache/bazel/_bazel_uas/install/f1e11885a5cc7ba9947679cffb18bf94/_embedded_binaries/embedded_tools/jdk/lib/server/libjvm.so
7f61c9526000-7f61c9571000 rw-p 00000000 00:00 0 
7f61c9571000-7f61c9593000 r--p 00000000 00:22 45                         /lib/x86_64-linux-gnu/libc-2.27.so
7f61c9593000-7f61c96d9000 r-xp 00022000 00:22 45                         /lib/x86_64-linux-gnu/libc-2.27.so
7f61c96d9000-7f61c9724000 r--p 00168000 00:22 45                         /lib/x86_64-linux-gnu/libc-2.27.so
7f61c9724000-7f61c9728000 r--p 001b2000 00:22 45                         /lib/x86_64-linux-gnu/libc-2.27.so
7f61c9728000-7f61c972a000 rw-p 001b6000 00:22 45                         /lib/x86_64-linux-gnu/libc-2.27.so
7f61c972a000-7f61c972e000 rw-p 00000000 00:00 0 
7f61c972e000-7f61c972f000 r--p 00000000 00:22 43                         /lib/x86_64-linux-gnu/libdl-2.27.so
7f61c972f000-7f61c9730000 r-xp 00001000 00:22 43                         /lib/x86_64-linux-gnu/libdl-2.27.so
7f61c9730000-7f61c9731000 r--p 00002000 00:22 43                         /lib/x86_64-linux-gnu/libdl-2.27.so
7f61c9731000-7f61c9732000 r--p 00002000 00:22 43                         /lib/x86_64-linux-gnu/libdl-2.27.so
7f61c9732000-7f61c9733000 rw-p 00003000 00:22 43                         /lib/x86_64-linux-gnu/libdl-2.27.so
7f61c9733000-7f61c9741000 r-xp 00000000 00:21 4329537493                 /home/uas/.cache/bazel/_bazel_uas/install/f1e11885a5cc7ba9947679cffb18bf94/_embedded_binaries/embedded_tools/jdk/lib/jli/libjli.so
7f61c9741000-7f61c9940000 ---p 0000e000 00:21 4329537493                 /home/uas/.cache/bazel/_bazel_uas/install/f1e11885a5cc7ba9947679cffb18bf94/_embedded_binaries/embedded_tools/jdk/lib/jli/libjli.so
7f61c9940000-7f61c9941000 rw-p 0000d000 00:21 4329537493                 /home/uas/.cache/bazel/_bazel_uas/install/f1e11885a5cc7ba9947679cffb18bf94/_embedded_binaries/embedded_tools/jdk/lib/jli/libjli.so
7f61c9941000-7f61c9947000 r--p 00000000 00:22 58                         /lib/x86_64-linux-gnu/libpthread-2.27.so
7f61c9947000-7f61c9956000 r-xp 00006000 00:22 58                         /lib/x86_64-linux-gnu/libpthread-2.27.so
7f61c9956000-7f61c995c000 r--p 00015000 00:22 58                         /lib/x86_64-linux-gnu/libpthread-2.27.so
7f61c995c000-7f61c995d000 r--p 0001a000 00:22 58                         /lib/x86_64-linux-gnu/libpthread-2.27.so
7f61c995d000-7f61c995e000 rw-p 0001b000 00:22 58                         /lib/x86_64-linux-gnu/libpthread-2.27.so
7f61c995e000-7f61c9962000 rw-p 00000000 00:00 0 
7f61c9962000-7f61c997e000 r-xp 00000000 00:22 157                        /lib/x86_64-linux-gnu/libz.so.1.2.11
7f61c997e000-7f61c9b7e000 ---p 0001c000 00:22 157                        /lib/x86_64-linux-gnu/libz.so.1.2.11
7f61c9b7e000-7f61c9b7f000 r--p 0001c000 00:22 157                        /lib/x86_64-linux-gnu/libz.so.1.2.11
7f61c9b7f000-7f61c9b80000 rw-p 0001d000 00:22 157                        /lib/x86_64-linux-gnu/libz.so.1.2.11
7f61c9b82000-7f61c9b83000 r--p 00000000 00:00 0 
7f61c9b83000-7f61c9b8b000 rw-s 00000000 00:22 159                        /tmp/hsperfdata_uas/64
7f61c9b8b000-7f61c9b8c000 rw-p 00000000 00:00 0 
7f61c9b8c000-7f61c9b8d000 r--p 00000000 00:00 0 
7f61c9b8d000-7f61c9b8f000 rw-p 00000000 00:00 0 
7f61c9b8f000-7f61c9b90000 r--p 00000000 00:22 38                         /lib/x86_64-linux-gnu/ld-2.27.so
7f61c9b90000-7f61c9bae000 r-xp 00001000 00:22 38                         /lib/x86_64-linux-gnu/ld-2.27.so
7f61c9bae000-7f61c9bb6000 r--p 0001f000 00:22 38                         /lib/x86_64-linux-gnu/ld-2.27.so
7f61c9bb6000-7f61c9bb7000 r--p 00026000 00:22 38                         /lib/x86_64-linux-gnu/ld-2.27.so
7f61c9bb7000-7f61c9bb8000 rw-p 00027000 00:22 38                         /lib/x86_64-linux-gnu/ld-2.27.so
7f61c9bb8000-7f61c9bb9000 rw-p 00000000 00:00 0 
7fffcecba000-7fffcecdb000 rw-p 00000000 00:00 0                          [stack]
7fffced92000-7fffced94000 r--p 00000000 00:00 0                          [vvar]
7fffced94000-7fffced96000 r-xp 00000000 00:00 0                          [vdso]
ffffffffff600000-ffffffffff601000 r-xp 00000000 00:00 0                  [vsyscall]

VM Arguments:
jvm_args: -XX:+HeapDumpOnOutOfMemoryError -XX:HeapDumpPath=/home/uas/.cache/bazel/_bazel_uas/026c6d0e196be0263a9983c669aa514b -XX:+UseParallelOldGC --add-opens=java.base/java.nio=ALL-UNNAMED -Xverify:none -Djava.util.logging.config.file=/home/uas/.cache/bazel/_bazel_uas/026c6d0e196be0263a9983c669aa514b/javalog.properties -Dcom.google.devtools.build.lib.util.LogHandlerQuerier.class=com.google.devtools.build.lib.util.FileHandlerQuerier -Djava.library.path=/home/uas/.cache/bazel/_bazel_uas/install/f1e11885a5cc7ba9947679cffb18bf94/_embedded_binaries/embedded_tools/jdk/lib/jli:/home/uas/.cache/bazel/_bazel_uas/install/f1e11885a5cc7ba9947679cffb18bf94/_embedded_binaries/embedded_tools/jdk/lib:/home/uas/.cache/bazel/_bazel_uas/install/f1e11885a5cc7ba9947679cffb18bf94/_embedded_binaries/embedded_tools/jdk/lib/server:/home/uas/.cache/bazel/_bazel_uas/install/f1e11885a5cc7ba9947679cffb18bf94/_embedded_binaries/ -Dfile.encoding=ISO-8859-1 
java_command: /home/uas/.cache/bazel/_bazel_uas/install/f1e11885a5cc7ba9947679cffb18bf94/_embedded_binaries/A-server.jar --max_idle_secs=10800 --connect_timeout_secs=30 --output_user_root=/home/uas/.cache/bazel/_bazel_uas --install_base=/home/uas/.cache/bazel/_bazel_uas/install/f1e11885a5cc7ba9947679cffb18bf94 --install_md5=f1e11885a5cc7ba9947679cffb18bf94 --output_base=/home/uas/.cache/bazel/_bazel_uas/026c6d0e196be0263a9983c669aa514b --workspace_directory=/home/uas/code_env --default_system_javabase=/usr/lib/jvm/java-10-openjdk-amd64 --deep_execroot --expand_configs_in_place --idle_server_tasks --noexperimental_oom_more_eagerly --experimental_oom_more_eagerly_threshold=100 --write_command_log --nowatchfs --nofatal_event_bus_exceptions --client_debug=false --product_name=Bazel --option_sources=
java_class_path (initial): /home/uas/.cache/bazel/_bazel_uas/install/f1e11885a5cc7ba9947679cffb18bf94/_embedded_binaries/A-server.jar
Launcher Type: SUN_STANDARD

Logging:
Log output configuration:
#0: 
[error occurred during error reporting (printing log configuration), id 0x7]

Environment Variables:
PATH=/usr/local/sbin:/usr/local/bin:/usr/sbin:/usr/bin:/sbin:/bin
USERNAME=uas
SHELL=/bin/bash


[error occurred during error reporting (printing signal handlers), id 0x7]



[error occurred during error reporting (printing system), id 0x7]

OS:
[error occurred during error reporting (printing OS information), id 0x7]

CPU:total 2 (initial active 2) (2 cores per cpu, 1 threads per core) family 6 model 142 stepping 9, cmov, cx8, fxsr, mmx, sse, sse2, sse3, ssse3, sse4.1, sse4.2, popcnt, avx, avx2, aes, clmul, 3dnowpref, lzcnt, tsc, tscinvbit

[error occurred during error reporting (printing CPU info), id 0x7]

Memory: 4k page, physical 3079152k(143276k free), swap 1682036k(1679724k free)

vm_info: OpenJDK 64-Bit Server VM (9.0.7.1+1) for linux-amd64 JRE (9.0.7.1+1), built on Apr  6 2018 13:59:40 by "tester" with gcc 4.4.7 20120313 (Red Hat 4.4.7-3)

END.
