Arguments: 
  /home/ausar/.nvm/versions/node/v12.1.0/bin/node /home/ausar/.nvm/versions/node/v12.1.0/bin/yarn add @material-ui/

PATH: 
  /home/ausar/.nvm/versions/node/v12.1.0/bin:/usr/local/sbin:/usr/local/bin:/usr/sbin:/usr/bin:/sbin:/bin:/usr/games:/usr/local/games:/snap/bin

Yarn version: 
  1.15.2

Node version: 
  12.1.0

Platform: 
  linux x64

Trace: 
  Error: https://registry.yarnpkg.com/@material-ui%2f: Request "https://registry.yarnpkg.com/@material-ui%2f" returned a 405
      at Request.params.callback [as _callback] (/home/ausar/.nvm/versions/node/v12.1.0/lib/node_modules/yarn/lib/cli.js:66067:18)
      at Request.self.callback (/home/ausar/.nvm/versions/node/v12.1.0/lib/node_modules/yarn/lib/cli.js:129541:22)
      at Request.emit (events.js:196:13)
      at Request.<anonymous> (/home/ausar/.nvm/versions/node/v12.1.0/lib/node_modules/yarn/lib/cli.js:130513:10)
      at Request.emit (events.js:196:13)
      at IncomingMessage.<anonymous> (/home/ausar/.nvm/versions/node/v12.1.0/lib/node_modules/yarn/lib/cli.js:130435:12)
      at Object.onceWrapper (events.js:284:20)
      at IncomingMessage.emit (events.js:201:15)
      at endReadableNT (_stream_readable.js:1130:12)
      at processTicksAndRejections (internal/process/task_queues.js:84:17)

npm manifest: 
  {
    "dependencies": {
      "@material-ui/core": "^4.0.1"
    }
  }

yarn manifest: 
  No manifest

Lockfile: 
  # THIS IS AN AUTOGENERATED FILE. DO NOT EDIT THIS FILE DIRECTLY.
  # yarn lockfile v1
  
  
  "@babel/runtime@^7.1.2", "@babel/runtime@^7.2.0", "@babel/runtime@^7.3.1":
    version "7.4.5"
    resolved "https://registry.yarnpkg.com/@babel/runtime/-/runtime-7.4.5.tgz#582bb531f5f9dc67d2fcb682979894f75e253f12"
    integrity sha512-TuI4qpWZP6lGOGIuGWtp9sPluqYICmbk8T/1vpSysqJxRPkudh/ofFWyqdcMsDf2s7KvDL4/YHgKyvcS3g9CJQ==
    dependencies:
      regenerator-runtime "^0.13.2"
  
  "@emotion/hash@^0.7.1":
    version "0.7.1"
    resolved "https://registry.yarnpkg.com/@emotion/hash/-/hash-0.7.1.tgz#9833722341379fb7d67f06a4b00ab3c37913da53"
    integrity sha512-OYpa/Sg+2GDX+jibUfpZVn1YqSVRpYmTLF2eyAfrFTIJSbwyIrc+YscayoykvaOME/wV4BV0Sa0yqdMrgse6mA==
  
  "@material-ui/core@^4.0.1":
    version "4.0.1"
    resolved "https://registry.yarnpkg.com/@material-ui/core/-/core-4.0.1.tgz#7fe3bcb1a89b01376b181358a5ded58291da0016"
    integrity sha512-cw2Qs3BLem8FOrp/knfjJkwJXG4dZO/HGyWwZV71UWiqDIOF3plHZ7duCbOMIWwKgSUJ85k9omlSHUTT63E/pw==
    dependencies:
      "@babel/runtime" "^7.2.0"
      "@material-ui/styles" "^4.0.1"
      "@material-ui/system" "^4.0.1"
      "@material-ui/types" "^4.0.1"
      "@material-ui/utils" "^4.0.1"
      "@types/react-transition-group" "^2.0.16"
      clsx "^1.0.2"
      convert-css-length "^1.0.2"
      csstype "^2.5.2"
      debounce "^1.1.0"
      deepmerge "^3.0.0"
      hoist-non-react-statics "^3.2.1"
      is-plain-object "^2.0.4"
      normalize-scroll-left "^0.1.2"
      popper.js "^1.14.1"
      prop-types "^15.7.2"
      react-event-listener "^0.6.6"
      react-transition-group "^4.0.0"
      warning "^4.0.1"
  
  "@material-ui/styles@^4.0.1":
    version "4.0.1"
    resolved "https://registry.yarnpkg.com/@material-ui/styles/-/styles-4.0.1.tgz#67e880d490f010c9f2956c572b07d218bfa255d7"
    integrity sha512-SywkWzBzXvm9dUY2rtmzTc/FTlKGctVYGb8hzPZyHU3OI4X9jQH4YnR/OiqTwg4jNpFnASJX5rW1rEUJM+ZnhA==
    dependencies:
      "@babel/runtime" "^7.2.0"
      "@emotion/hash" "^0.7.1"
      "@material-ui/types" "^4.0.1"
      "@material-ui/utils" "^4.0.1"
      clsx "^1.0.2"
      deepmerge "^3.0.0"
      hoist-non-react-statics "^3.2.1"
      jss "^10.0.0-alpha.16"
      jss-plugin-camel-case "^10.0.0-alpha.16"
      jss-plugin-default-unit "^10.0.0-alpha.16"
      jss-plugin-global "^10.0.0-alpha.16"
      jss-plugin-nested "^10.0.0-alpha.16"
      jss-plugin-props-sort "^10.0.0-alpha.16"
      jss-plugin-rule-value-function "^10.0.0-alpha.16"
      jss-plugin-vendor-prefixer "^10.0.0-alpha.16"
      prop-types "^15.7.2"
      warning "^4.0.1"
  
  "@material-ui/system@^4.0.1":
    version "4.0.1"
    resolved "https://registry.yarnpkg.com/@material-ui/system/-/system-4.0.1.tgz#d78969f3dd9eb6baf82ded0ef183368d8befb00b"
    integrity sha512-NlMF4jZk1xx7taUOT+QhrJw7v7uUi9Ae+G8C8fowGgP5x04whxOuSuSmN9a8u2j7dc8XqahR0OJeA6Xch8ymog==
    dependencies:
      "@babel/runtime" "^7.2.0"
      deepmerge "^3.0.0"
      prop-types "^15.7.2"
      warning "^4.0.1"
  
  "@material-ui/types@^4.0.1":
    version "4.0.1"
    resolved "https://registry.yarnpkg.com/@material-ui/types/-/types-4.0.1.tgz#a05fe801a10604d99e593303df9e843868008d4f"
    integrity sha512-FGhogU9l4s+ycMcC3hhOAvu5hcWa5TVSCCGUf4NOUF904ythroWSAvcCHn92NjftXZ8WZqmtPjL1K/d90Pq/3Q==
  
  "@material-ui/utils@^4.0.1":
    version "4.0.1"
    resolved "https://registry.yarnpkg.com/@material-ui/utils/-/utils-4.0.1.tgz#ea3ab6fe4eea9588713813cff6eca33bda3519f6"
    integrity sha512-mWRcMQIrqsXGze73tx3hNfB1NUu+BL/oIQI7TImyuhsia1EQXw3bPVBjgwTzqM6MqfXw6eh1fR45Di+WN5hASA==
    dependencies:
      "@babel/runtime" "^7.2.0"
      prop-types "^15.7.2"
      react-is "^16.8.0"
  
  "@types/prop-types@*":
    version "15.7.1"
    resolved "https://registry.yarnpkg.com/@types/prop-types/-/prop-types-15.7.1.tgz#f1a11e7babb0c3cad68100be381d1e064c68f1f6"
    integrity sha512-CFzn9idOEpHrgdw8JsoTkaDDyRWk1jrzIV8djzcgpq0y9tG4B4lFT+Nxh52DVpDXV+n4+NPNv7M1Dj5uMp6XFg==
  
  "@types/react-transition-group@^2.0.16":
    version "2.9.1"
    resolved "https://registry.yarnpkg.com/@types/react-transition-group/-/react-transition-group-2.9.1.tgz#66c9ca5d0b20bae72fe6b797e0d362b996d55e9f"
    integrity sha512-1usq4DRUVBFnxc9KGJAlJO9EpQrLZGDDEC8wDOn2+2ODSyudYo8FiIzPDRaX/hfQjHqGeeoNaNdA2bj0l35hZQ==
    dependencies:
      "@types/react" "*"
  
  "@types/react@*":
    version "16.8.19"
    resolved "https://registry.yarnpkg.com/@types/react/-/react-16.8.19.tgz#629154ef05e2e1985cdde94477deefd823ad9be3"
    integrity sha512-QzEzjrd1zFzY9cDlbIiFvdr+YUmefuuRYrPxmkwG0UQv5XF35gFIi7a95m1bNVcFU0VimxSZ5QVGSiBmlggQXQ==
    dependencies:
      "@types/prop-types" "*"
      csstype "^2.2.0"
  
  clsx@^1.0.2:
    version "1.0.4"
    resolved "https://registry.yarnpkg.com/clsx/-/clsx-1.0.4.tgz#0c0171f6d5cb2fe83848463c15fcc26b4df8c2ec"
    integrity sha512-1mQ557MIZTrL/140j+JVdRM6e31/OA4vTYxXgqIIZlndyfjHpyawKZia1Im05Vp9BWmImkcNrNtFYQMyFcgJDg==
  
  console-polyfill@^0.1.2:
    version "0.1.2"
    resolved "https://registry.yarnpkg.com/console-polyfill/-/console-polyfill-0.1.2.tgz#96cfed51caf78189f699572e6f18271dc37c0e30"
    integrity sha1-ls/tUcr3gYn2mVcubxgnHcN8DjA=
  
  convert-css-length@^1.0.2:
    version "1.0.2"
    resolved "https://registry.yarnpkg.com/convert-css-length/-/convert-css-length-1.0.2.tgz#32f38a8ac55d78372ff43562532564366c871ccc"
    integrity sha512-ecV7j3hXyXN1X2XfJBzhMR0o1Obv0v3nHmn0UiS3ACENrzbxE/EknkiunS/fCwQva0U62X1GChi8GaPh4oTlLg==
    dependencies:
      console-polyfill "^0.1.2"
      parse-unit "^1.0.1"
  
  css-vendor@^2.0.1:
    version "2.0.2"
    resolved "https://registry.yarnpkg.com/css-vendor/-/css-vendor-2.0.2.tgz#dd75b41064944c8eaa001796a204782164c69dfd"
    integrity sha512-Xn5ZAlI00d8HaQ8/oQ8d+iBzSF//NCc77LPzsucM32X/R/yTqmXy6otVsAM0XleXk6HjPuXoVZwXsayky/fsFQ==
    dependencies:
      "@babel/runtime" "^7.3.1"
      is-in-browser "^1.0.2"
  
  csstype@^2.2.0, csstype@^2.5.2:
    version "2.6.5"
    resolved "https://registry.yarnpkg.com/csstype/-/csstype-2.6.5.tgz#1cd1dff742ebf4d7c991470ae71e12bb6751e034"
    integrity sha512-JsTaiksRsel5n7XwqPAfB0l3TFKdpjW/kgAELf9vrb5adGA7UCPLajKK5s3nFrcFm3Rkyp/Qkgl73ENc1UY3cA==
  
  debounce@^1.1.0:
    version "1.2.0"
    resolved "https://registry.yarnpkg.com/debounce/-/debounce-1.2.0.tgz#44a540abc0ea9943018dc0eaa95cce87f65cd131"
    integrity sha512-mYtLl1xfZLi1m4RtQYlZgJUNQjl4ZxVnHzIR8nLLgi4q1YT8o/WM+MK/f8yfcc9s5Ir5zRaPZyZU6xs1Syoocg==
  
  deepmerge@^3.0.0:
    version "3.2.0"
    resolved "https://registry.yarnpkg.com/deepmerge/-/deepmerge-3.2.0.tgz#58ef463a57c08d376547f8869fdc5bcee957f44e"
    integrity sha512-6+LuZGU7QCNUnAJyX8cIrlzoEgggTM6B7mm+znKOX4t5ltluT9KLjN6g61ECMS0LTsLW7yDpNoxhix5FZcrIow==
  
  dom-helpers@^3.4.0:
    version "3.4.0"
    resolved "https://registry.yarnpkg.com/dom-helpers/-/dom-helpers-3.4.0.tgz#e9b369700f959f62ecde5a6babde4bccd9169af8"
    integrity sha512-LnuPJ+dwqKDIyotW1VzmOZ5TONUN7CwkCR5hrgawTUbkBGYdeoNLZo6nNfGkCrjtE1nXXaj7iMMpDa8/d9WoIA==
    dependencies:
      "@babel/runtime" "^7.1.2"
  
  hoist-non-react-statics@^3.2.1:
    version "3.3.0"
    resolved "https://registry.yarnpkg.com/hoist-non-react-statics/-/hoist-non-react-statics-3.3.0.tgz#b09178f0122184fb95acf525daaecb4d8f45958b"
    integrity sha512-0XsbTXxgiaCDYDIWFcwkmerZPSwywfUqYmwT4jzewKTQSWoE6FCMoUVOeBJWK3E/CrWbxRG3m5GzY4lnIwGRBA==
    dependencies:
      react-is "^16.7.0"
  
  hyphenate-style-name@^1.0.3:
    version "1.0.3"
    resolved "https://registry.yarnpkg.com/hyphenate-style-name/-/hyphenate-style-name-1.0.3.tgz#097bb7fa0b8f1a9cf0bd5c734cf95899981a9b48"
    integrity sha512-EcuixamT82oplpoJ2XU4pDtKGWQ7b00CD9f1ug9IaQ3p1bkHMiKCZ9ut9QDI6qsa6cpUuB+A/I+zLtdNK4n2DQ==
  
  is-in-browser@^1.0.2, is-in-browser@^1.1.3:
    version "1.1.3"
    resolved "https://registry.yarnpkg.com/is-in-browser/-/is-in-browser-1.1.3.tgz#56ff4db683a078c6082eb95dad7dc62e1d04f835"
    integrity sha1-Vv9NtoOgeMYILrldrX3GLh0E+DU=
  
  is-plain-object@^2.0.4:
    version "2.0.4"
    resolved "https://registry.yarnpkg.com/is-plain-object/-/is-plain-object-2.0.4.tgz#2c163b3fafb1b606d9d17928f05c2a1c38e07677"
    integrity sha512-h5PpgXkWitc38BBMYawTYMWJHFZJVnBquFE57xFpjB8pJFiF6gZ+bU+WyI/yqXiFR5mdLsgYNaPe8uao6Uv9Og==
    dependencies:
      isobject "^3.0.1"
  
  isobject@^3.0.1:
    version "3.0.1"
    resolved "https://registry.yarnpkg.com/isobject/-/isobject-3.0.1.tgz#4e431e92b11a9731636aa1f9c8d1ccbcfdab78df"
    integrity sha1-TkMekrEalzFjaqH5yNHMvP2reN8=
  
  "js-tokens@^3.0.0 || ^4.0.0":
    version "4.0.0"
    resolved "https://registry.yarnpkg.com/js-tokens/-/js-tokens-4.0.0.tgz#19203fb59991df98e3a287050d4647cdeaf32499"
    integrity sha512-RdJUflcE3cUzKiMqQgsCu06FPu9UdIJO0beYbPhHN4k6apgJtifcoCtT9bcxOpYBtpD2kCM6Sbzg4CausW/PKQ==
  
  jss-plugin-camel-case@^10.0.0-alpha.16:
    version "10.0.0-alpha.16"
    resolved "https://registry.yarnpkg.com/jss-plugin-camel-case/-/jss-plugin-camel-case-10.0.0-alpha.16.tgz#36023c9aa35fd2e898f117be136f31dfa76ffef9"
    integrity sha512-nki+smHEsFyoZ0OlOYtaxVqcQA0ZHVJCE1slRnk+1TklbmxbBiO4TwITMTEaNIDv0U0Uyb0Z8wVgFgRwCCIFog==
    dependencies:
      "@babel/runtime" "^7.3.1"
      hyphenate-style-name "^1.0.3"
      jss "10.0.0-alpha.16"
  
  jss-plugin-default-unit@^10.0.0-alpha.16:
    version "10.0.0-alpha.16"
    resolved "https://registry.yarnpkg.com/jss-plugin-default-unit/-/jss-plugin-default-unit-10.0.0-alpha.16.tgz#ef96b529fcb9f8d730c14a489a1d7e71e243447e"
    integrity sha512-jjGW4F/r9yKvoyUk22M8nWhdMfvoWzJw/oFO2cDRXCk2onnWFiRALfqeUsEDyocwdZbyVF9WhZbSHn4GL03kSw==
    dependencies:
      "@babel/runtime" "^7.3.1"
      jss "10.0.0-alpha.16"
  
  jss-plugin-global@^10.0.0-alpha.16:
    version "10.0.0-alpha.16"
    resolved "https://registry.yarnpkg.com/jss-plugin-global/-/jss-plugin-global-10.0.0-alpha.16.tgz#6da34ad63e0a4669a35412d716d39820bd10ede4"
    integrity sha512-B1mm2ZF9OEsWPmzkG5ZUXqV88smDqpc4unILLXhWVuj0U5JeT0DNitH+QbXFrSueDJzkWVfvqyckvWDR/0qeDg==
    dependencies:
      "@babel/runtime" "^7.3.1"
      jss "10.0.0-alpha.16"
  
  jss-plugin-nested@^10.0.0-alpha.16:
    version "10.0.0-alpha.16"
    resolved "https://registry.yarnpkg.com/jss-plugin-nested/-/jss-plugin-nested-10.0.0-alpha.16.tgz#282ce431cc6c7c4b2e2509b80dc5cc1de7f7102f"
    integrity sha512-3l/MB6COnIpq4GOXQFae6UydoaIPa81UxhuBTEQuiAojgTeUla9L7nB3h18Q4zAhQQpjxaEsyppAKuEzIP7kPQ==
    dependencies:
      "@babel/runtime" "^7.3.1"
      jss "10.0.0-alpha.16"
      tiny-warning "^1.0.2"
  
  jss-plugin-props-sort@^10.0.0-alpha.16:
    version "10.0.0-alpha.16"
    resolved "https://registry.yarnpkg.com/jss-plugin-props-sort/-/jss-plugin-props-sort-10.0.0-alpha.16.tgz#d91566d6c73ebd906ff81fdfb93135d16bbfb067"
    integrity sha512-+Yn9nugHAH58nf/d43H2uxMvlCFPDgLKRSmKO4Q4m1IGYjMbHsWt1Rk2HfC9IiCanqcqpc8hstwtzf+HG7PWFQ==
    dependencies:
      "@babel/runtime" "^7.3.1"
      jss "10.0.0-alpha.16"
  
  jss-plugin-rule-value-function@^10.0.0-alpha.16:
    version "10.0.0-alpha.16"
    resolved "https://registry.yarnpkg.com/jss-plugin-rule-value-function/-/jss-plugin-rule-value-function-10.0.0-alpha.16.tgz#42bf684dae0a73a02df0a3297b747becf9854449"
    integrity sha512-MQap9ne6ZGZH0NlpSQTMSm6QalBTF0hYpd2uaGQwam+GlT7IKeO+sTjd46I1WgO3kyOmwb0pIY6CnuLQGXKtSA==
    dependencies:
      "@babel/runtime" "^7.3.1"
      jss "10.0.0-alpha.16"
  
  jss-plugin-vendor-prefixer@^10.0.0-alpha.16:
    version "10.0.0-alpha.16"
    resolved "https://registry.yarnpkg.com/jss-plugin-vendor-prefixer/-/jss-plugin-vendor-prefixer-10.0.0-alpha.16.tgz#f59d92db7331d6615b33aa108ee54cbf1ab6ce84"
    integrity sha512-70yJ6QE5dN8VlPUGKld5jK2SKyrteheEL/ismexpybIufunMs6iJgkhDndbOfv8ia13yZgUVqeakMdhRKYwK1A==
    dependencies:
      "@babel/runtime" "^7.3.1"
      css-vendor "^2.0.1"
      jss "10.0.0-alpha.16"
  
  jss@10.0.0-alpha.16, jss@^10.0.0-alpha.16:
    version "10.0.0-alpha.16"
    resolved "https://registry.yarnpkg.com/jss/-/jss-10.0.0-alpha.16.tgz#0555e8b667e08dbd2cc94f6125be5a8b8b022833"
    integrity sha512-HmKNNnr82TR5jkWjBcbrx/uim2ief588pWp7zsf4GQpL125zRkEaWYL1SXv5bR6bBvAoTtvJsTAOxDIlLxUNZg==
    dependencies:
      "@babel/runtime" "^7.3.1"
      is-in-browser "^1.1.3"
      tiny-warning "^1.0.2"
  
  loose-envify@^1.0.0, loose-envify@^1.4.0:
    version "1.4.0"
    resolved "https://registry.yarnpkg.com/loose-envify/-/loose-envify-1.4.0.tgz#71ee51fa7be4caec1a63839f7e682d8132d30caf"
    integrity sha512-lyuxPGr/Wfhrlem2CL/UcnUc1zcqKAImBDzukY7Y5F/yQiNdko6+fRLevlw1HgMySw7f611UIY408EtxRSoK3Q==
    dependencies:
      js-tokens "^3.0.0 || ^4.0.0"
  
  normalize-scroll-left@^0.1.2:
    version "0.1.2"
    resolved "https://registry.yarnpkg.com/normalize-scroll-left/-/normalize-scroll-left-0.1.2.tgz#6b79691ba79eb5fb107fa5edfbdc06b55caee2aa"
    integrity sha512-F9YMRls0zCF6BFIE2YnXDRpHPpfd91nOIaNdDgrx5YMoPLo8Wqj+6jNXHQsYBavJeXP4ww8HCt0xQAKc5qk2Fg==
  
  object-assign@^4.1.1:
    version "4.1.1"
    resolved "https://registry.yarnpkg.com/object-assign/-/object-assign-4.1.1.tgz#2109adc7965887cfc05cbbd442cac8bfbb360863"
    integrity sha1-IQmtx5ZYh8/AXLvUQsrIv7s2CGM=
  
  parse-unit@^1.0.1:
    version "1.0.1"
    resolved "https://registry.yarnpkg.com/parse-unit/-/parse-unit-1.0.1.tgz#7e1bb6d5bef3874c28e392526a2541170291eecf"
    integrity sha1-fhu21b7zh0wo45JSaiVBFwKR7s8=
  
  popper.js@^1.14.1:
    version "1.15.0"
    resolved "https://registry.yarnpkg.com/popper.js/-/popper.js-1.15.0.tgz#5560b99bbad7647e9faa475c6b8056621f5a4ff2"
    integrity sha512-w010cY1oCUmI+9KwwlWki+r5jxKfTFDVoadl7MSrIujHU5MJ5OR6HTDj6Xo8aoR/QsA56x8jKjA59qGH4ELtrA==
  
  prop-types@^15.6.0, prop-types@^15.6.2, prop-types@^15.7.2:
    version "15.7.2"
    resolved "https://registry.yarnpkg.com/prop-types/-/prop-types-15.7.2.tgz#52c41e75b8c87e72b9d9360e0206b99dcbffa6c5"
    integrity sha512-8QQikdH7//R2vurIJSutZ1smHYTcLpRWEOlHnzcWHmBYrOGUysKwSsrC89BCiFj3CbrfJ/nXFdJepOVrY1GCHQ==
    dependencies:
      loose-envify "^1.4.0"
      object-assign "^4.1.1"
      react-is "^16.8.1"
  
  react-event-listener@^0.6.6:
    version "0.6.6"
    resolved "https://registry.yarnpkg.com/react-event-listener/-/react-event-listener-0.6.6.tgz#758f7b991cad9086dd39fd29fad72127e1d8962a"
    integrity sha512-+hCNqfy7o9wvO6UgjqFmBzARJS7qrNoda0VqzvOuioEpoEXKutiKuv92dSz6kP7rYLmyHPyYNLesi5t/aH1gfw==
    dependencies:
      "@babel/runtime" "^7.2.0"
      prop-types "^15.6.0"
      warning "^4.0.1"
  
  react-is@^16.7.0, react-is@^16.8.0, react-is@^16.8.1:
    version "16.8.6"
    resolved "https://registry.yarnpkg.com/react-is/-/react-is-16.8.6.tgz#5bbc1e2d29141c9fbdfed456343fe2bc430a6a16"
    integrity sha512-aUk3bHfZ2bRSVFFbbeVS4i+lNPZr3/WM5jT2J5omUVV1zzcs1nAaf3l51ctA5FFvCRbhrH0bdAsRRQddFJZPtA==
  
  react-transition-group@^4.0.0:
    version "4.1.0"
    resolved "https://registry.yarnpkg.com/react-transition-group/-/react-transition-group-4.1.0.tgz#7b50c0a93a6c127336187252c3c1a70eff3304ce"
    integrity sha512-/OITbogb3emGN49WaP7468QGSde7er5w6eIHldIDCSQBq/9QTSCzs8OgpgmOnaUXCXzBUcK1zoZ6DqRlM8CJtA==
    dependencies:
      dom-helpers "^3.4.0"
      loose-envify "^1.4.0"
      prop-types "^15.6.2"
  
  regenerator-runtime@^0.13.2:
    version "0.13.2"
    resolved "https://registry.yarnpkg.com/regenerator-runtime/-/regenerator-runtime-0.13.2.tgz#32e59c9a6fb9b1a4aff09b4930ca2d4477343447"
    integrity sha512-S/TQAZJO+D3m9xeN1WTI8dLKBBiRgXBlTJvbWjCThHWZj9EvHK70Ff50/tYj2J/fvBY6JtFVwRuazHN2E7M9BA==
  
  tiny-warning@^1.0.2:
    version "1.0.2"
    resolved "https://registry.yarnpkg.com/tiny-warning/-/tiny-warning-1.0.2.tgz#1dfae771ee1a04396bdfde27a3adcebc6b648b28"
    integrity sha512-rru86D9CpQRLvsFG5XFdy0KdLAvjdQDyZCsRcuu60WtzFylDM3eAWSxEVz5kzL2Gp544XiUvPbVKtOA/txLi9Q==
  
  warning@^4.0.1:
    version "4.0.3"
    resolved "https://registry.yarnpkg.com/warning/-/warning-4.0.3.tgz#16e9e077eb8a86d6af7d64aa1e05fd85b4678ca3"
    integrity sha512-rpJyN222KWIvHJ/F53XSZv0Zl/accqHR8et1kpaMTD/fLCRxtV8iX8czMzY7sVZupTI3zcUTg8eycS2kNF9l6w==
    dependencies:
      loose-envify "^1.0.0"
